c:\users\moe\documents\visual studio 2015\projects\moeeesmids\moeeesmids\release\vc140.pdb
c:\users\moe\documents\visual studio 2015\projects\moeeesmids\moeeesmids\release\taliyah.obj
c:\users\moe\documents\visual studio 2015\projects\moeeesmids\moeeesmids\release\rembrandt.obj
c:\users\moe\documents\visual studio 2015\projects\moeeesmids\moeeesmids\release\pluginsdk.obj
c:\users\moe\documents\visual studio 2015\projects\moeeesmids\moeeesmids\release\orianna.obj
c:\users\moe\documents\visual studio 2015\projects\moeeesmids\moeeesmids\release\extensions.obj
c:\users\moe\documents\visual studio 2015\projects\moeeesmids\moeeesmids\release\core.obj
c:\users\moe\documents\visual studio 2015\projects\moeeesmids\moeeesmids\release\champion.obj
c:\users\moe\documents\visual studio 2015\projects\moeeesmids\moeeesmids\release\ahri.obj
c:\users\moe\desktop\l++ - dev\persistent\plugins\moeeesmids.dll
c:\users\moe\desktop\l++ - dev\persistent\plugins\moeeesmids.ipdb
c:\users\moe\desktop\l++ - dev\persistent\plugins\moeeesmids.iobj
c:\users\moe\desktop\l++ - dev\persistent\plugins\moeeesmids.pdb
c:\users\moe\documents\visual studio 2015\projects\moeeesmids\moeeesmids\release\moeeesmids.dll
c:\users\moe\documents\visual studio 2015\projects\moeeesmids\moeeesmids\release\moeeesmids.ipdb
c:\users\moe\documents\visual studio 2015\projects\moeeesmids\moeeesmids\release\moeeesmids.iobj
c:\users\moe\documents\visual studio 2015\projects\moeeesmids\moeeesmids\release\moeeesmids.pdb
c:\users\moe\desktop\l++ - dev\persistent\plugins\moeeesmids.lib
c:\users\moe\desktop\l++ - dev\persistent\plugins\moeeesmids.exp
c:\users\moe\documents\visual studio 2015\projects\moeeesmids\moeeesmids\release\moeeesmids.lib
c:\users\moe\documents\visual studio 2015\projects\moeeesmids\moeeesmids\release\moeeesmids.exp
c:\users\moe\documents\visual studio 2015\projects\moeeesmids\moeeesmids\.\release\moeeesmids.dll
c:\users\moe\documents\visual studio 2015\projects\moeeesmids\moeeesmids\release\moeeesmids.tlog\cl.command.1.tlog
c:\users\moe\documents\visual studio 2015\projects\moeeesmids\moeeesmids\release\moeeesmids.tlog\cl.read.1.tlog
c:\users\moe\documents\visual studio 2015\projects\moeeesmids\moeeesmids\release\moeeesmids.tlog\cl.write.1.tlog
c:\users\moe\documents\visual studio 2015\projects\moeeesmids\moeeesmids\release\moeeesmids.tlog\link.command.1.tlog
c:\users\moe\documents\visual studio 2015\projects\moeeesmids\moeeesmids\release\moeeesmids.tlog\link.read.1.tlog
c:\users\moe\documents\visual studio 2015\projects\moeeesmids\moeeesmids\release\moeeesmids.tlog\link.write.1.tlog
c:\users\moe\documents\visual studio 2015\projects\moeeesmids\moeeesmids\release\moeeesmids.tlog\moeeesmids.write.1u.tlog
